<?xml version="1.0" encoding="UTF-8"?>
<!-- Generated by org.testng.reporters.JUnitReportReporter -->
<testsuite skipped="0" hostname="rajat-PC" name="testScript.Rediff_Login" tests="1" failures="0" timestamp="25 Mar 2018 05:19:02 GMT" time="10.203" errors="0">
  <testcase name="login" time="10.203" classname="testScript.Rediff_Login"/>
</testsuite> <!-- testScript.Rediff_Login -->
